[0m05:03:25.519522 [debug] [MainThread]: Sending event: {'category': 'dbt', 'action': 'invocation', 'label': 'start', 'context': [<snowplow_tracker.self_describing_json.SelfDescribingJson object at 0x0000027125D8D2B0>, <snowplow_tracker.self_describing_json.SelfDescribingJson object at 0x0000027124A8C690>, <snowplow_tracker.self_describing_json.SelfDescribingJson object at 0x00000271281ABC50>]}


============================== 05:03:25.699564 | 38041cc0-d85b-4561-9a4b-f3b0921c05a4 ==============================
[0m05:03:25.699564 [info ] [MainThread]: Running with dbt=1.11.7
[0m05:03:25.700811 [debug] [MainThread]: running dbt with arguments {'static_parser': 'True', 'no_print': 'None', 'version_check': 'True', 'warn_error_options': 'WarnErrorOptionsV2(error=[], warn=[], silence=[])', 'target_path': 'None', 'printer_width': '80', 'write_json': 'True', 'introspect': 'True', 'log_cache_events': 'False', 'empty': 'None', 'cache_selected_only': 'False', 'fail_fast': 'False', 'debug': 'False', 'log_format': 'default', 'partial_parse': 'True', 'send_anonymous_usage_stats': 'True', 'quiet': 'False', 'warn_error': 'None', 'profiles_dir': 'C:\\Users\\user\\.dbt', 'invocation_command': 'dbt init', 'use_colors': 'True', 'indirect_selection': 'eager', 'use_experimental_parser': 'False', 'log_path': 'logs'}
[0m05:03:25.861791 [info ] [MainThread]: Creating dbt configuration folder at C:\Users\user\.dbt
[0m05:04:18.574262 [debug] [MainThread]: Starter project path: C:\dev\kenya-climate-risk-monitor\dbt\dbt_env\Lib\site-packages\dbt\include\starter_project
[0m05:04:18.625351 [info ] [MainThread]: 
Your new dbt project "kenya_climate_risk_monitor" was created!

For more information on how to configure the profiles.yml file,
please consult the dbt documentation here:

  https://docs.getdbt.com/docs/configure-your-profile

One more thing:

Need help? Don't hesitate to reach out to us via GitHub issues or on Slack:

  https://community.getdbt.com/

Happy modeling!

[0m05:04:18.627203 [info ] [MainThread]: Setting up your profile.
[0m05:09:33.289813 [info ] [MainThread]: Profile kenya_climate_risk_monitor written to C:\Users\user\.dbt\profiles.yml using target's profile_template.yml and your supplied values. Run 'dbt debug' to validate the connection.
[0m05:09:33.292794 [debug] [MainThread]: Command `dbt init` succeeded at 05:09:33.292573 after 367.96 seconds
[0m05:09:33.294153 [debug] [MainThread]: Sending event: {'category': 'dbt', 'action': 'invocation', 'label': 'end', 'context': [<snowplow_tracker.self_describing_json.SelfDescribingJson object at 0x0000027134A5E3F0>, <snowplow_tracker.self_describing_json.SelfDescribingJson object at 0x00000271282F2690>, <snowplow_tracker.self_describing_json.SelfDescribingJson object at 0x0000027134A51BF0>]}
[0m05:09:33.294831 [debug] [MainThread]: Flushing usage events
[0m05:09:34.727994 [debug] [MainThread]: An error was encountered while trying to flush usage events
